<?xml version="1.0" encoding="UTF-8"?>
<testsuite xmlns:xsi="http://www.w3.org/2001/XMLSchema-instance" xsi:noNamespaceSchemaLocation="https://maven.apache.org/surefire/maven-surefire-plugin/xsd/surefire-test-report.xsd" version="3.0.2" name="ProducerTest" time="1.66" tests="4" errors="0" skipped="0" failures="0">
  <properties>
[...]
</properties>
  <testcase name="testProducerReadsFileCharacters" classname="ProducerTest" time="0.53">
    <system-out><![CDATA[Producer produced: 'A'
Producer produced: 'B'
Producer produced: 'C'
--- Producer finished reading file, restarting in 10 seconds... ---
Producer interrupted, shutting down...
]]></system-out>
  </testcase>
  <testcase name="testProducerMaintainsCharacterOrder" classname="ProducerTest" time="0.509">
    <system-out><![CDATA[Producer produced: 'X'
Producer produced: 'Y'
Producer produced: 'Z'
--- Producer finished reading file, restarting in 10 seconds... ---
Producer interrupted, shutting down...
]]></system-out>
  </testcase>
  <testcase name="testProducerBlocksWhenQueueFull" classname="ProducerTest" time="0.41">
    <system-out><![CDATA[Producer produced: 'A'
Producer produced: 'B'
Producer produced: 'C'
Queue is full, producer waiting...
Producer produced: 'D'
Queue is full, producer waiting...
Producer interrupted, shutting down...
]]></system-out>
  </testcase>
  <testcase name="testProducerHandlesInterrupt" classname="ProducerTest" time="0.206">
    <system-out><![CDATA[Producer produced: 'T'
Queue is full, producer waiting...
Producer interrupted, shutting down...
]]></system-out>
  </testcase>
</testsuite>